<?xml version="1.0" encoding="UTF-8"?>
<!-- Generated by org.testng.reporters.JUnitXMLReporter -->
<testsuite ignored="0" hostname="5CD2188LZX" failures="0" tests="3" name="Default test" time="0.04" errors="0" timestamp="2022-12-07T13:34:46 IST">
  <testcase classname="com.connect.Filtering" name="anotherTestMethod" time="0.007">
    <skipped/>
  </testcase> <!-- anotherTestMethod -->
  <testcase classname="com.connect.Filtering" name="testMethod" time="0.004"/>
  <testcase classname="com.connect.Filtering" name="thirdTestMethod" time="0.001"/>
</testsuite> <!-- Default test -->
