<?xml version="1.0" encoding="UTF-8"?>
<testng-results ignored="0" total="3" passed="2" failed="0" skipped="1">
  <reporter-output>
  </reporter-output>
  <suite started-at="2022-12-07T13:34:46 IST" name="Default suite" finished-at="2022-12-07T13:34:46 IST" duration-ms="40">
    <groups>
    </groups>
    <test started-at="2022-12-07T13:34:46 IST" name="Default test" finished-at="2022-12-07T13:34:46 IST" duration-ms="40">
      <class name="com.connect.Filtering">
        <test-method signature="anotherTestMethod()[pri:0, instance:com.connect.Filtering@301eda63, instance params:[[testMethod, thirdTestMethod]]]" started-at="2022-12-07T13:34:46 IST" name="anotherTestMethod" finished-at="2022-12-07T13:34:46 IST" duration-ms="7" status="SKIP">
          <reporter-output>
          </reporter-output>
        </test-method> <!-- anotherTestMethod -->
        <test-method signature="testMethod()[pri:0, instance:com.connect.Filtering@301eda63, instance params:[[testMethod, thirdTestMethod]]]" started-at="2022-12-07T13:34:46 IST" name="testMethod" finished-at="2022-12-07T13:34:46 IST" duration-ms="4" status="PASS">
          <reporter-output>
          </reporter-output>
        </test-method> <!-- testMethod -->
        <test-method signature="thirdTestMethod()[pri:0, instance:com.connect.Filtering@301eda63, instance params:[[testMethod, thirdTestMethod]]]" started-at="2022-12-07T13:34:46 IST" name="thirdTestMethod" finished-at="2022-12-07T13:34:46 IST" duration-ms="1" status="PASS">
          <reporter-output>
          </reporter-output>
        </test-method> <!-- thirdTestMethod -->
      </class> <!-- com.connect.Filtering -->
    </test> <!-- Default test -->
  </suite> <!-- Default suite -->
</testng-results>
